C:\USERS\MITSOS\DOCUMENTS\VISUAL STUDIO 2012\PROJECTS\ENCLAVE1\ENCLAVE1\PRERELEASE\ENCLAVE1_T.OBJ
C:\USERS\MITSOS\DOCUMENTS\VISUAL STUDIO 2012\PROJECTS\ENCLAVE1\ENCLAVE1\PRERELEASE\VC110.PDB
C:\USERS\MITSOS\DOCUMENTS\VISUAL STUDIO 2012\PROJECTS\ENCLAVE1\ENCLAVE1\PRERELEASE\ENCLAVE1.OBJ
C:\USERS\MITSOS\DOCUMENTS\VISUAL STUDIO 2012\PROJECTS\ENCLAVE1\ENCLAVE1\ENCLAVE1_T.H
C:\USERS\MITSOS\DOCUMENTS\VISUAL STUDIO 2012\PROJECTS\ENCLAVE1\ENCLAVE1\ENCLAVE1_T.C
C:\Users\Mitsos\Documents\Visual Studio 2012\Projects\Enclave1\Prerelease\Enclave1.lib
C:\Users\Mitsos\Documents\Visual Studio 2012\Projects\Enclave1\Prerelease\Enclave1.exp
C:\USERS\MITSOS\DOCUMENTS\VISUAL STUDIO 2012\PROJECTS\ENCLAVE1\PRERELEASE\ENCLAVE1.DLL
C:\Users\Mitsos\Documents\Visual Studio 2012\Projects\Enclave1\Enclave1\Prerelease\Enclave1.obj
C:\Users\Mitsos\Documents\Visual Studio 2012\Projects\Enclave1\Enclave1\Prerelease\Enclave1_t.obj
C:\Users\Mitsos\Documents\Visual Studio 2012\Projects\Enclave1\Enclave1\Prerelease\cl.command.1.tlog
C:\Users\Mitsos\Documents\Visual Studio 2012\Projects\Enclave1\Enclave1\Prerelease\CL.read.1.tlog
C:\Users\Mitsos\Documents\Visual Studio 2012\Projects\Enclave1\Enclave1\Prerelease\CL.write.1.tlog
C:\Users\Mitsos\Documents\Visual Studio 2012\Projects\Enclave1\Enclave1\Prerelease\custombuild.command.1.tlog
C:\Users\Mitsos\Documents\Visual Studio 2012\Projects\Enclave1\Enclave1\Prerelease\custombuild.read.1.tlog
C:\Users\Mitsos\Documents\Visual Studio 2012\Projects\Enclave1\Enclave1\Prerelease\custombuild.write.1.tlog
C:\Users\Mitsos\Documents\Visual Studio 2012\Projects\Enclave1\Enclave1\Prerelease\Enclave1.write.1.tlog
C:\Users\Mitsos\Documents\Visual Studio 2012\Projects\Enclave1\Enclave1\Prerelease\link.command.1.tlog
C:\Users\Mitsos\Documents\Visual Studio 2012\Projects\Enclave1\Enclave1\Prerelease\link.read.1.tlog
C:\Users\Mitsos\Documents\Visual Studio 2012\Projects\Enclave1\Enclave1\Prerelease\link.write.1.tlog
C:\Users\Mitsos\Documents\Visual Studio 2012\Projects\Enclave1\Enclave1\Prerelease\vc110.pdb
C:\Users\Mitsos\Documents\Visual Studio 2012\Projects\Enclave1\Prerelease\Enclave1.dll
