C:\USERS\MITSOS\DOCUMENTS\VISUAL STUDIO 2012\PROJECTS\CONSOLEAPPLICATION4\ENCLAVE1\DEBUG\ENCLAVE1.OBJ
C:\USERS\MITSOS\DOCUMENTS\VISUAL STUDIO 2012\PROJECTS\CONSOLEAPPLICATION4\ENCLAVE1\DEBUG\VC110.PDB
C:\USERS\MITSOS\DOCUMENTS\VISUAL STUDIO 2012\PROJECTS\CONSOLEAPPLICATION4\ENCLAVE1\DEBUG\ENCLAVE1_T.OBJ
C:\USERS\MITSOS\DOCUMENTS\VISUAL STUDIO 2012\PROJECTS\SGX-PACKER\ENCLAVE1\DEBUG\ENCLAVE1.OBJ
C:\USERS\MITSOS\DOCUMENTS\VISUAL STUDIO 2012\PROJECTS\SGX-PACKER\ENCLAVE1\DEBUG\VC110.PDB
C:\USERS\MITSOS\DOCUMENTS\VISUAL STUDIO 2012\PROJECTS\SGX-PACKER\ENCLAVE1\DEBUG\ENCLAVE1_T.OBJ
C:\USERS\MITSOS\DOCUMENTS\VISUAL STUDIO 2012\PROJECTS\CONSOLEAPPLICATION4\ENCLAVE1\ENCLAVE1_T.H
C:\USERS\MITSOS\DOCUMENTS\VISUAL STUDIO 2012\PROJECTS\CONSOLEAPPLICATION4\ENCLAVE1\ENCLAVE1_T.C
C:\USERS\MITSOS\DOCUMENTS\VISUAL STUDIO 2012\PROJECTS\SGX-PACKER\ENCLAVE1\ENCLAVE1_T.H
C:\USERS\MITSOS\DOCUMENTS\VISUAL STUDIO 2012\PROJECTS\SGX-PACKER\ENCLAVE1\ENCLAVE1_T.C
C:\Users\Mitsos\Documents\Visual Studio 2012\Projects\ConsoleApplication4\Debug\Enclave1.lib
C:\Users\Mitsos\Documents\Visual Studio 2012\Projects\ConsoleApplication4\Debug\Enclave1.exp
C:\Users\Mitsos\Documents\Visual Studio 2012\Projects\SGX-Packer\Debug\Enclave1.lib
C:\Users\Mitsos\Documents\Visual Studio 2012\Projects\SGX-Packer\Debug\Enclave1.exp
C:\USERS\MITSOS\DOCUMENTS\VISUAL STUDIO 2012\PROJECTS\CONSOLEAPPLICATION4\DEBUG\ENCLAVE1.DLL
C:\USERS\MITSOS\DOCUMENTS\VISUAL STUDIO 2012\PROJECTS\CONSOLEAPPLICATION4\DEBUG\ENCLAVE1.PDB
C:\USERS\MITSOS\DOCUMENTS\VISUAL STUDIO 2012\PROJECTS\SGX-PACKER\DEBUG\ENCLAVE1.DLL
C:\USERS\MITSOS\DOCUMENTS\VISUAL STUDIO 2012\PROJECTS\SGX-PACKER\DEBUG\ENCLAVE1.PDB
C:\Users\Mitsos\Documents\Visual Studio 2012\Projects\SGX-Packer\Enclave1\Debug\Enclave1.obj
C:\Users\Mitsos\Documents\Visual Studio 2012\Projects\SGX-Packer\Enclave1\Debug\Enclave1_t.obj
C:\Users\Mitsos\Documents\Visual Studio 2012\Projects\SGX-Packer\Enclave1\Debug\cl.command.1.tlog
C:\Users\Mitsos\Documents\Visual Studio 2012\Projects\SGX-Packer\Enclave1\Debug\CL.read.1.tlog
C:\Users\Mitsos\Documents\Visual Studio 2012\Projects\SGX-Packer\Enclave1\Debug\CL.write.1.tlog
C:\Users\Mitsos\Documents\Visual Studio 2012\Projects\SGX-Packer\Enclave1\Debug\custombuild.command.1.tlog
C:\Users\Mitsos\Documents\Visual Studio 2012\Projects\SGX-Packer\Enclave1\Debug\custombuild.read.1.tlog
C:\Users\Mitsos\Documents\Visual Studio 2012\Projects\SGX-Packer\Enclave1\Debug\custombuild.write.1.tlog
C:\Users\Mitsos\Documents\Visual Studio 2012\Projects\SGX-Packer\Enclave1\Debug\Enclave1.write.1.tlog
C:\Users\Mitsos\Documents\Visual Studio 2012\Projects\SGX-Packer\Enclave1\Debug\link.command.1.tlog
C:\Users\Mitsos\Documents\Visual Studio 2012\Projects\SGX-Packer\Enclave1\Debug\link.read.1.tlog
C:\Users\Mitsos\Documents\Visual Studio 2012\Projects\SGX-Packer\Enclave1\Debug\link.write.1.tlog
C:\Users\Mitsos\Documents\Visual Studio 2012\Projects\SGX-Packer\Enclave1\Debug\vc110.pdb
C:\Users\Mitsos\Documents\Visual Studio 2012\Projects\SGX-Packer\Debug\Enclave1.pdb
C:\Users\Mitsos\Documents\Visual Studio 2012\Projects\SGX-Packer\Debug\Enclave1.dll
