C:\USERS\MITSOS\DOCUMENTS\VISUAL STUDIO 2012\PROJECTS\CONSOLEAPPLICATION4\SERVICE_PROVIDER\DEBUG\DLLMAIN.OBJ
C:\USERS\MITSOS\DOCUMENTS\VISUAL STUDIO 2012\PROJECTS\CONSOLEAPPLICATION4\SERVICE_PROVIDER\DEBUG\VC110.PDB
C:\USERS\MITSOS\DOCUMENTS\VISUAL STUDIO 2012\PROJECTS\CONSOLEAPPLICATION4\SERVICE_PROVIDER\DEBUG\ECP.OBJ
C:\USERS\MITSOS\DOCUMENTS\VISUAL STUDIO 2012\PROJECTS\CONSOLEAPPLICATION4\SERVICE_PROVIDER\DEBUG\IAS_RA.OBJ
C:\USERS\MITSOS\DOCUMENTS\VISUAL STUDIO 2012\PROJECTS\CONSOLEAPPLICATION4\SERVICE_PROVIDER\DEBUG\NETWORK_RA.OBJ
C:\USERS\MITSOS\DOCUMENTS\VISUAL STUDIO 2012\PROJECTS\CONSOLEAPPLICATION4\SERVICE_PROVIDER\DEBUG\SERVICE_PROVIDER.OBJ
C:\USERS\MITSOS\DOCUMENTS\VISUAL STUDIO 2012\PROJECTS\SGX-PACKER\SERVICE_PROVIDER\DEBUG\DLLMAIN.OBJ
C:\USERS\MITSOS\DOCUMENTS\VISUAL STUDIO 2012\PROJECTS\SGX-PACKER\SERVICE_PROVIDER\DEBUG\VC110.PDB
C:\USERS\MITSOS\DOCUMENTS\VISUAL STUDIO 2012\PROJECTS\SGX-PACKER\SERVICE_PROVIDER\DEBUG\ECP.OBJ
C:\USERS\MITSOS\DOCUMENTS\VISUAL STUDIO 2012\PROJECTS\SGX-PACKER\SERVICE_PROVIDER\DEBUG\IAS_RA.OBJ
C:\USERS\MITSOS\DOCUMENTS\VISUAL STUDIO 2012\PROJECTS\SGX-PACKER\SERVICE_PROVIDER\DEBUG\NETWORK_RA.OBJ
C:\USERS\MITSOS\DOCUMENTS\VISUAL STUDIO 2012\PROJECTS\SGX-PACKER\SERVICE_PROVIDER\DEBUG\SERVICE_PROVIDER.OBJ
C:\USERS\MITSOS\DOCUMENTS\VISUAL STUDIO 2012\PROJECTS\CONSOLEAPPLICATION4\DEBUG\SERVICE_PROVIDER.ILK
C:\USERS\MITSOS\DOCUMENTS\VISUAL STUDIO 2012\PROJECTS\CONSOLEAPPLICATION4\DEBUG\SERVICE_PROVIDER.DLL
C:\USERS\MITSOS\DOCUMENTS\VISUAL STUDIO 2012\PROJECTS\CONSOLEAPPLICATION4\DEBUG\SERVICE_PROVIDER.PDB
C:\USERS\MITSOS\DOCUMENTS\VISUAL STUDIO 2012\PROJECTS\SGX-PACKER\DEBUG\SERVICE_PROVIDER.ILK
C:\USERS\MITSOS\DOCUMENTS\VISUAL STUDIO 2012\PROJECTS\SGX-PACKER\DEBUG\SERVICE_PROVIDER.DLL
C:\USERS\MITSOS\DOCUMENTS\VISUAL STUDIO 2012\PROJECTS\SGX-PACKER\DEBUG\SERVICE_PROVIDER.PDB
C:\Users\Mitsos\Documents\Visual Studio 2012\Projects\ConsoleApplication4\Debug\service_provider.lib
C:\Users\Mitsos\Documents\Visual Studio 2012\Projects\ConsoleApplication4\Debug\service_provider.exp
C:\Users\Mitsos\Documents\Visual Studio 2012\Projects\SGX-Packer\Debug\service_provider.lib
C:\Users\Mitsos\Documents\Visual Studio 2012\Projects\SGX-Packer\Debug\service_provider.exp
C:\Users\Mitsos\Documents\Visual Studio 2012\Projects\SGX-Packer\service_provider\Debug\dllmain.obj
C:\Users\Mitsos\Documents\Visual Studio 2012\Projects\SGX-Packer\service_provider\Debug\ecp.obj
C:\Users\Mitsos\Documents\Visual Studio 2012\Projects\SGX-Packer\service_provider\Debug\ias_ra.obj
C:\Users\Mitsos\Documents\Visual Studio 2012\Projects\SGX-Packer\service_provider\Debug\network_ra.obj
C:\Users\Mitsos\Documents\Visual Studio 2012\Projects\SGX-Packer\service_provider\Debug\service_provider.obj
C:\Users\Mitsos\Documents\Visual Studio 2012\Projects\SGX-Packer\service_provider\Debug\cl.command.1.tlog
C:\Users\Mitsos\Documents\Visual Studio 2012\Projects\SGX-Packer\service_provider\Debug\CL.read.1.tlog
C:\Users\Mitsos\Documents\Visual Studio 2012\Projects\SGX-Packer\service_provider\Debug\CL.write.1.tlog
C:\Users\Mitsos\Documents\Visual Studio 2012\Projects\SGX-Packer\service_provider\Debug\link-cvtres.read.1.tlog
C:\Users\Mitsos\Documents\Visual Studio 2012\Projects\SGX-Packer\service_provider\Debug\link-cvtres.write.1.tlog
C:\Users\Mitsos\Documents\Visual Studio 2012\Projects\SGX-Packer\service_provider\Debug\link-rc.read.1.tlog
C:\Users\Mitsos\Documents\Visual Studio 2012\Projects\SGX-Packer\service_provider\Debug\link-rc.write.1.tlog
C:\Users\Mitsos\Documents\Visual Studio 2012\Projects\SGX-Packer\service_provider\Debug\link.command.1.tlog
C:\Users\Mitsos\Documents\Visual Studio 2012\Projects\SGX-Packer\service_provider\Debug\link.read.1.tlog
C:\Users\Mitsos\Documents\Visual Studio 2012\Projects\SGX-Packer\service_provider\Debug\link.write.1.tlog
C:\Users\Mitsos\Documents\Visual Studio 2012\Projects\SGX-Packer\service_provider\Debug\service_provider.write.1.tlog
C:\Users\Mitsos\Documents\Visual Studio 2012\Projects\SGX-Packer\service_provider\Debug\vc110.idb
C:\Users\Mitsos\Documents\Visual Studio 2012\Projects\SGX-Packer\service_provider\Debug\vc110.pdb
C:\Users\Mitsos\Documents\Visual Studio 2012\Projects\SGX-Packer\Debug\service_provider.pdb
C:\Users\Mitsos\Documents\Visual Studio 2012\Projects\SGX-Packer\Debug\service_provider.dll
C:\Users\Mitsos\Documents\Visual Studio 2012\Projects\SGX-Packer\Debug\service_provider.ilk
