C:\USERS\MITSOS\DOCUMENTS\VISUAL STUDIO 2012\PROJECTS\CONSOLEAPPLICATION4\CONSOLEAPPLICATION4\RELEASE\STDAFX.OBJ
C:\USERS\MITSOS\DOCUMENTS\VISUAL STUDIO 2012\PROJECTS\CONSOLEAPPLICATION4\CONSOLEAPPLICATION4\RELEASE\AES256.OBJ
C:\USERS\MITSOS\DOCUMENTS\VISUAL STUDIO 2012\PROJECTS\CONSOLEAPPLICATION4\CONSOLEAPPLICATION4\RELEASE\SGX_CRYPTER.OBJ
C:\USERS\MITSOS\DOCUMENTS\VISUAL STUDIO 2012\PROJECTS\CONSOLEAPPLICATION4\CONSOLEAPPLICATION4\RELEASE\RESOURCEMANAGER.OBJ
C:\USERS\MITSOS\DOCUMENTS\VISUAL STUDIO 2012\PROJECTS\CONSOLEAPPLICATION4\CONSOLEAPPLICATION4\RELEASE\VC110.PDB
C:\USERS\MITSOS\DOCUMENTS\VISUAL STUDIO 2012\PROJECTS\CONSOLEAPPLICATION4\CONSOLEAPPLICATION4\RELEASE\ENCLAVE1_U.OBJ
C:\USERS\MITSOS\DOCUMENTS\VISUAL STUDIO 2012\PROJECTS\CONSOLEAPPLICATION4\CONSOLEAPPLICATION4\ENCLAVE1_U.H
C:\USERS\MITSOS\DOCUMENTS\VISUAL STUDIO 2012\PROJECTS\CONSOLEAPPLICATION4\CONSOLEAPPLICATION4\ENCLAVE1_U.C
C:\USERS\MITSOS\DOCUMENTS\VISUAL STUDIO 2012\PROJECTS\CONSOLEAPPLICATION4\RELEASE\CONSOLEAPPLICATION4.EXE
C:\USERS\MITSOS\DOCUMENTS\VISUAL STUDIO 2012\PROJECTS\CONSOLEAPPLICATION4\RELEASE\CONSOLEAPPLICATION4.PDB
C:\Users\Mitsos\Documents\Visual Studio 2012\Projects\ConsoleApplication4\ConsoleApplication4\Release\aes256.obj
C:\Users\Mitsos\Documents\Visual Studio 2012\Projects\ConsoleApplication4\ConsoleApplication4\Release\Enclave1_u.obj
C:\Users\Mitsos\Documents\Visual Studio 2012\Projects\ConsoleApplication4\ConsoleApplication4\Release\resourcemanager.obj
C:\Users\Mitsos\Documents\Visual Studio 2012\Projects\ConsoleApplication4\ConsoleApplication4\Release\sgx_crypter.obj
C:\Users\Mitsos\Documents\Visual Studio 2012\Projects\ConsoleApplication4\ConsoleApplication4\Release\stdafx.obj
C:\Users\Mitsos\Documents\Visual Studio 2012\Projects\ConsoleApplication4\ConsoleApplication4\Release\cl.command.1.tlog
C:\Users\Mitsos\Documents\Visual Studio 2012\Projects\ConsoleApplication4\ConsoleApplication4\Release\CL.read.1.tlog
C:\Users\Mitsos\Documents\Visual Studio 2012\Projects\ConsoleApplication4\ConsoleApplication4\Release\CL.write.1.tlog
C:\Users\Mitsos\Documents\Visual Studio 2012\Projects\ConsoleApplication4\ConsoleApplication4\Release\custombuild.command.1.tlog
C:\Users\Mitsos\Documents\Visual Studio 2012\Projects\ConsoleApplication4\ConsoleApplication4\Release\custombuild.read.1.tlog
C:\Users\Mitsos\Documents\Visual Studio 2012\Projects\ConsoleApplication4\ConsoleApplication4\Release\custombuild.write.1.tlog
C:\Users\Mitsos\Documents\Visual Studio 2012\Projects\ConsoleApplication4\ConsoleApplication4\Release\link-cvtres.read.1.tlog
C:\Users\Mitsos\Documents\Visual Studio 2012\Projects\ConsoleApplication4\ConsoleApplication4\Release\link-cvtres.write.1.tlog
C:\Users\Mitsos\Documents\Visual Studio 2012\Projects\ConsoleApplication4\ConsoleApplication4\Release\link-rc.read.1.tlog
C:\Users\Mitsos\Documents\Visual Studio 2012\Projects\ConsoleApplication4\ConsoleApplication4\Release\link-rc.write.1.tlog
C:\Users\Mitsos\Documents\Visual Studio 2012\Projects\ConsoleApplication4\ConsoleApplication4\Release\link.command.1.tlog
C:\Users\Mitsos\Documents\Visual Studio 2012\Projects\ConsoleApplication4\ConsoleApplication4\Release\link.read.1.tlog
C:\Users\Mitsos\Documents\Visual Studio 2012\Projects\ConsoleApplication4\ConsoleApplication4\Release\link.write.1.tlog
C:\Users\Mitsos\Documents\Visual Studio 2012\Projects\ConsoleApplication4\ConsoleApplication4\Release\vc110.pdb
C:\Users\Mitsos\Documents\Visual Studio 2012\Projects\ConsoleApplication4\Release\ConsoleApplication4.pdb
C:\Users\Mitsos\Documents\Visual Studio 2012\Projects\ConsoleApplication4\Release\ConsoleApplication4.exe
