C:\USERS\MITSOS\DOCUMENTS\VISUAL STUDIO 2012\PROJECTS\CONSOLEAPPLICATION4\CONSOLEAPPLICATION4\DEBUG\ENCLAVE1_U.OBJ
C:\USERS\MITSOS\DOCUMENTS\VISUAL STUDIO 2012\PROJECTS\CONSOLEAPPLICATION4\CONSOLEAPPLICATION4\DEBUG\VC110.PDB
C:\USERS\MITSOS\DOCUMENTS\VISUAL STUDIO 2012\PROJECTS\CONSOLEAPPLICATION4\CONSOLEAPPLICATION4\DEBUG\RESOURCEMANAGER.OBJ
C:\USERS\MITSOS\DOCUMENTS\VISUAL STUDIO 2012\PROJECTS\CONSOLEAPPLICATION4\CONSOLEAPPLICATION4\DEBUG\SGX_CRYPTER.OBJ
C:\USERS\MITSOS\DOCUMENTS\VISUAL STUDIO 2012\PROJECTS\CONSOLEAPPLICATION4\CONSOLEAPPLICATION4\DEBUG\AES256.OBJ
C:\USERS\MITSOS\DOCUMENTS\VISUAL STUDIO 2012\PROJECTS\CONSOLEAPPLICATION4\CONSOLEAPPLICATION4\DEBUG\STDAFX.OBJ
C:\USERS\MITSOS\DOCUMENTS\VISUAL STUDIO 2012\PROJECTS\SGX-PACKER\CONSOLEAPPLICATION4\DEBUG\ENCLAVE1_U.OBJ
C:\USERS\MITSOS\DOCUMENTS\VISUAL STUDIO 2012\PROJECTS\SGX-PACKER\CONSOLEAPPLICATION4\DEBUG\VC110.PDB
C:\USERS\MITSOS\DOCUMENTS\VISUAL STUDIO 2012\PROJECTS\SGX-PACKER\CONSOLEAPPLICATION4\DEBUG\RESOURCEMANAGER.OBJ
C:\USERS\MITSOS\DOCUMENTS\VISUAL STUDIO 2012\PROJECTS\SGX-PACKER\CONSOLEAPPLICATION4\DEBUG\SGX_CRYPTER.OBJ
C:\USERS\MITSOS\DOCUMENTS\VISUAL STUDIO 2012\PROJECTS\SGX-PACKER\CONSOLEAPPLICATION4\DEBUG\AES256.OBJ
C:\USERS\MITSOS\DOCUMENTS\VISUAL STUDIO 2012\PROJECTS\SGX-PACKER\CONSOLEAPPLICATION4\DEBUG\STDAFX.OBJ
C:\USERS\MITSOS\DOCUMENTS\VISUAL STUDIO 2012\PROJECTS\CONSOLEAPPLICATION4\CONSOLEAPPLICATION4\ENCLAVE1_U.H
C:\USERS\MITSOS\DOCUMENTS\VISUAL STUDIO 2012\PROJECTS\CONSOLEAPPLICATION4\CONSOLEAPPLICATION4\ENCLAVE1_U.C
C:\USERS\MITSOS\DOCUMENTS\VISUAL STUDIO 2012\PROJECTS\SGX-PACKER\CONSOLEAPPLICATION4\ENCLAVE1_U.H
C:\USERS\MITSOS\DOCUMENTS\VISUAL STUDIO 2012\PROJECTS\SGX-PACKER\CONSOLEAPPLICATION4\ENCLAVE1_U.C
C:\USERS\MITSOS\DOCUMENTS\VISUAL STUDIO 2012\PROJECTS\CONSOLEAPPLICATION4\DEBUG\SGX_STUB.ILK
C:\USERS\MITSOS\DOCUMENTS\VISUAL STUDIO 2012\PROJECTS\CONSOLEAPPLICATION4\DEBUG\SGX_STUB.EXE
C:\USERS\MITSOS\DOCUMENTS\VISUAL STUDIO 2012\PROJECTS\CONSOLEAPPLICATION4\DEBUG\SGX_STUB.PDB
C:\USERS\MITSOS\DOCUMENTS\VISUAL STUDIO 2012\PROJECTS\SGX-PACKER\DEBUG\SGX_STUB.ILK
C:\USERS\MITSOS\DOCUMENTS\VISUAL STUDIO 2012\PROJECTS\SGX-PACKER\DEBUG\SGX_STUB.EXE
C:\USERS\MITSOS\DOCUMENTS\VISUAL STUDIO 2012\PROJECTS\SGX-PACKER\DEBUG\SGX_STUB.PDB
C:\Users\Mitsos\Documents\Visual Studio 2012\Projects\SGX-Packer\ConsoleApplication4\Debug\aes256.obj
C:\Users\Mitsos\Documents\Visual Studio 2012\Projects\SGX-Packer\ConsoleApplication4\Debug\Enclave1_u.obj
C:\Users\Mitsos\Documents\Visual Studio 2012\Projects\SGX-Packer\ConsoleApplication4\Debug\resourcemanager.obj
C:\Users\Mitsos\Documents\Visual Studio 2012\Projects\SGX-Packer\ConsoleApplication4\Debug\sgx_crypter.obj
C:\Users\Mitsos\Documents\Visual Studio 2012\Projects\SGX-Packer\ConsoleApplication4\Debug\stdafx.obj
C:\Users\Mitsos\Documents\Visual Studio 2012\Projects\SGX-Packer\ConsoleApplication4\Debug\cl.command.1.tlog
C:\Users\Mitsos\Documents\Visual Studio 2012\Projects\SGX-Packer\ConsoleApplication4\Debug\CL.read.1.tlog
C:\Users\Mitsos\Documents\Visual Studio 2012\Projects\SGX-Packer\ConsoleApplication4\Debug\CL.write.1.tlog
C:\Users\Mitsos\Documents\Visual Studio 2012\Projects\SGX-Packer\ConsoleApplication4\Debug\custombuild.command.1.tlog
C:\Users\Mitsos\Documents\Visual Studio 2012\Projects\SGX-Packer\ConsoleApplication4\Debug\custombuild.read.1.tlog
C:\Users\Mitsos\Documents\Visual Studio 2012\Projects\SGX-Packer\ConsoleApplication4\Debug\custombuild.write.1.tlog
C:\Users\Mitsos\Documents\Visual Studio 2012\Projects\SGX-Packer\ConsoleApplication4\Debug\link-cvtres.read.1.tlog
C:\Users\Mitsos\Documents\Visual Studio 2012\Projects\SGX-Packer\ConsoleApplication4\Debug\link-cvtres.write.1.tlog
C:\Users\Mitsos\Documents\Visual Studio 2012\Projects\SGX-Packer\ConsoleApplication4\Debug\link-rc.read.1.tlog
C:\Users\Mitsos\Documents\Visual Studio 2012\Projects\SGX-Packer\ConsoleApplication4\Debug\link-rc.write.1.tlog
C:\Users\Mitsos\Documents\Visual Studio 2012\Projects\SGX-Packer\ConsoleApplication4\Debug\link.command.1.tlog
C:\Users\Mitsos\Documents\Visual Studio 2012\Projects\SGX-Packer\ConsoleApplication4\Debug\link.read.1.tlog
C:\Users\Mitsos\Documents\Visual Studio 2012\Projects\SGX-Packer\ConsoleApplication4\Debug\link.write.1.tlog
C:\Users\Mitsos\Documents\Visual Studio 2012\Projects\SGX-Packer\ConsoleApplication4\Debug\vc110.idb
C:\Users\Mitsos\Documents\Visual Studio 2012\Projects\SGX-Packer\ConsoleApplication4\Debug\vc110.pdb
C:\Users\Mitsos\Documents\Visual Studio 2012\Projects\SGX-Packer\Debug\SGX_Stub.pdb
C:\Users\Mitsos\Documents\Visual Studio 2012\Projects\SGX-Packer\Debug\SGX_Stub.exe
C:\Users\Mitsos\Documents\Visual Studio 2012\Projects\SGX-Packer\Debug\SGX_Stub.ilk
